Arguments: 
  C:\Program Files\nodejs\node.exe C:\Users\Megbexmek\AppData\Roaming\npm\node_modules\yarn\bin\yarn.js install

PATH: 
  C:\WINDOWS\system32;C:\WINDOWS;C:\WINDOWS\System32\Wbem;C:\WINDOWS\System32\WindowsPowerShell\v1.0\;C:\WINDOWS\System32\OpenSSH\;C:\Program Files\nodejs\;C:\Program Files\Git\cmd;C:\Users\Megbexmek\AppData\Local\Microsoft\WindowsApps;C:\Users\Megbexmek\AppData\Roaming\npm;C:\Users\Megbexmek\AppData\Local\Programs\Microsoft VS Code\bin

Yarn version: 
  1.22.19

Node version: 
  18.7.0

Platform: 
  win32 x64

Trace: 
  Error: https://registry.yarnpkg.com/@material-ui/icons/-/icons-4.11.3.tgz: ESOCKETTIMEDOUT
      at ClientRequest.<anonymous> (C:\Users\Megbexmek\AppData\Roaming\npm\node_modules\yarn\lib\cli.js:141517:19)
      at Object.onceWrapper (node:events:627:28)
      at ClientRequest.emit (node:events:513:28)
      at TLSSocket.emitRequestTimeout (node:_http_client:813:9)
      at Object.onceWrapper (node:events:627:28)
      at TLSSocket.emit (node:events:525:35)
      at Socket._onTimeout (node:net:526:8)
      at listOnTimeout (node:internal/timers:564:17)
      at process.processTimers (node:internal/timers:507:7)

npm manifest: 
  {
    "name": "frontend",
    "version": "0.1.0",
    "private": true,
    "dependencies": {
      "@material-ui/core": "^4.12.4",
      "@material-ui/icons": "^4.11.3",
      "@reduxjs/toolkit": "^1.8.2",
      "@stripe/react-stripe-js": "^1.8.1",
      "@testing-library/jest-dom": "^5.16.4",
      "@testing-library/react": "^13.2.0",
      "@testing-library/user-event": "^13.5.0",
      "axios": "^0.27.2",
      "google-maps-react": "^2.0.6",
      "react": "^18.1.0",
      "react-dom": "^18.1.0",
      "react-easy-marquee": "^1.2.4",
      "react-icons": "^4.3.1",
      "react-redux": "^8.0.2",
      "react-router-dom": "^6.3.0",
      "react-scripts": "^5.0.1",
      "react-stripe-checkout": "^2.6.3",
      "react-toastify": "^9.0.5",
      "redux": "^4.2.0",
      "redux-persist": "^6.0.0",
      "redux-thunk": "^2.4.1",
      "redux-toolkit": "^1.1.2",
      "scrollreveal": "^4.0.9",
      "stripe": "^9.8.0",
      "styled-components": "^5.3.5",
      "telebirr": "^0.1.1",
      "web-vitals": "^2.1.4"
    },
    "scripts": {
      "start": "react-scripts start",
      "build": "react-scripts build",
      "test": "react-scripts test",
      "eject": "react-scripts eject"
    },
    "eslintConfig": {
      "extends": [
        "react-app",
        "react-app/jest"
      ]
    },
    "browserslist": {
      "production": [
        ">0.2%",
        "not dead",
        "not op_mini all"
      ],
      "development": [
        "last 1 chrome version",
        "last 1 firefox version",
        "last 1 safari version"
      ]
    }
  }

yarn manifest: 
  No manifest

Lockfile: 
  No lockfile
